<?xml version="1.0" encoding="UTF-8"?>
<!-- Generated by org.testng.reporters.JUnitXMLReporter -->
<testsuite ignored="2" hostname="ATMECSBLRLT-094" failures="0" tests="9" name="API" time="18.488" errors="0" timestamp="2023-05-23T10:34:28 IST">
  <testcase classname="com.api.tests.StudentTests" name="testPostStudent" time="10.238"/>
  <testcase classname="com.api.tests.StudentTests" name="testGetStudent" time="0.328"/>
  <testcase classname="com.api.tests.StudentTests" name="testUpdateStudent" time="0.326"/>
  <testcase classname="com.api.tests.StudentTests" name="testDeleteStudent" time="0.209"/>
  <testcase classname="com.api.tests.StudentTests" name="testGetSpecificStudent" time="0.226"/>
  <testcase classname="com.api.tests.SecurityAPITests" name="testAuthentication" time="3.398"/>
  <testcase classname="com.api.tests.SecurityAPITests" name="testDigestAuthentication" time="1.404"/>
  <testcase classname="com.api.tests.SecurityAPITests" name="testBearerAuthorization" time="0.818"/>
  <testcase classname="com.api.tests.SecurityAPITests" name="testOpenAuthorization" time="1.217"/>
  <testcase classname="com.api.utilities.ReportGeneration" name="@BeforeSuite beforeSuite" time="0.0">
    <ignored/>
  </testcase> <!-- @BeforeSuite beforeSuite -->
  <testcase classname="com.api.utilities.ReportGeneration" name="@AfterSuite afterSuite" time="0.0">
    <ignored/>
  </testcase> <!-- @AfterSuite afterSuite -->
</testsuite> <!-- API -->
