<?xml version="1.0" encoding="UTF-8"?>
<!-- Generated by org.testng.reporters.JUnitXMLReporter -->
<testsuite ignored="2" hostname="ATMECSBLRLT-094" failures="0" tests="10" name="API" time="22.927" errors="0" timestamp="2023-05-24T10:19:45 IST">
  <testcase classname="com.api.tests.StudentTests" name="testPostStudent" time="13.017"/>
  <testcase classname="com.api.tests.StudentTests" name="testGetStudent" time="0.306"/>
  <testcase classname="com.api.tests.StudentTests" name="testUpdateStudent" time="0.087"/>
  <testcase classname="com.api.tests.StudentTests" name="testDeleteStudent" time="0.099"/>
  <testcase classname="com.api.tests.StudentTests" name="testGetSpecificStudent" time="0.466"/>
  <testcase classname="com.api.tests.SecurityAPITests" name="testAuthentication" time="2.296"/>
  <testcase classname="com.api.tests.SecurityAPITests" name="testDigestAuthentication" time="1.538"/>
  <testcase classname="com.api.tests.SecurityAPITests" name="testGetToken" time="1.694"/>
  <testcase classname="com.api.tests.SecurityAPITests" name="testBearerAuthorization" time="1.446"/>
  <testcase classname="com.api.tests.SecurityAPITests" name="testOpenAuthorization" time="1.618"/>
  <testcase classname="com.api.utilities.ReportGeneration" name="@AfterSuite afterSuite" time="0.0">
    <ignored/>
  </testcase> <!-- @AfterSuite afterSuite -->
  <testcase classname="com.api.utilities.ReportGeneration" name="@BeforeSuite beforeSuite" time="0.0">
    <ignored/>
  </testcase> <!-- @BeforeSuite beforeSuite -->
</testsuite> <!-- API -->
