<?xml version="1.0" encoding="UTF-8"?>
<!-- Generated by org.testng.reporters.JUnitXMLReporter -->
<testsuite ignored="2" hostname="ATMECSBLRLT-094" failures="0" tests="7" name="Students" time="7.582" errors="0" timestamp="2023-05-22T19:26:26 IST">
  <testcase classname="com.api.tests.StudentTests" name="testPostStudent" time="3.786"/>
  <testcase classname="com.api.tests.StudentTests" name="testGetStudent" time="0.111"/>
  <testcase classname="com.api.tests.StudentTests" name="testUpdateStudent" time="0.1"/>
  <testcase classname="com.api.tests.StudentTests" name="testDeleteStudent" time="0.073"/>
  <testcase classname="com.api.tests.StudentTests" name="testGetSpecificStudent" time="0.072"/>
  <testcase classname="com.api.tests.SecurityAPITests" name="testAuthentication" time="2.045"/>
  <testcase classname="com.api.tests.SecurityAPITests" name="testDigestAuthentication" time="1.291"/>
  <testcase classname="com.api.utilities.ReportGeneration" name="@BeforeSuite beforeSuite" time="0.0">
    <ignored/>
  </testcase> <!-- @BeforeSuite beforeSuite -->
  <testcase classname="com.api.utilities.ReportGeneration" name="@AfterSuite afterSuite" time="0.0">
    <ignored/>
  </testcase> <!-- @AfterSuite afterSuite -->
</testsuite> <!-- Students -->
