<?xml version="1.0" encoding="UTF-8"?>
<testsuite xmlns:xsi="http://www.w3.org/2001/XMLSchema-instance" xsi:noNamespaceSchemaLocation="https://maven.apache.org/surefire/maven-surefire-plugin/xsd/surefire-test-report-3.0.xsd" version="3.0" name="TestSuite" time="28.528" tests="10" errors="0" skipped="0" failures="0">
  <properties>
[...]
</properties>
  <testcase name="testPostStudent" classname="com.api.tests.StudentTests" time="13.03">
    <system-out><![CDATA[onStart method started
Method started testPostStudent
HTTP/1.1 201 Created
X-Powered-By: Express
Vary: Origin, X-HTTP-Method-Override, Accept-Encoding
Access-Control-Allow-Credentials: true
Cache-Control: no-cache
Pragma: no-cache
Expires: -1
Access-Control-Expose-Headers: Location
Location: http://localhost:3000/students/1477637771
X-Content-Type-Options: nosniff
Content-Type: application/json; charset=utf-8
Content-Length: 323
ETag: W/"143-vyFCc1Mfl03tah7wSIFVJeRxQoY"
Date: Wed, 24 May 2023 04:49:31 GMT
Connection: keep-alive
Keep-Alive: timeout=5

{
    "id": 1477637771,
    "name": "Mr. Adelaide Abshire",
    "email": "diane.vonrueden@gmail.com",
    "purpose": "Strategist",
    "programme": "Consulting Associate",
    "year": 1338332733,
    "language": "Janus (concurrent constraint programming language)",
    "comments": "com.github.javafaker.Code@71b6172c",
    "status": false
}
PASS - Actual Result ::201==Expected Result ::201
Method passed testPostStudent
]]></system-out>
    <system-err><![CDATA[SLF4J: Failed to load class "org.slf4j.impl.StaticLoggerBinder".
SLF4J: Defaulting to no-operation (NOP) logger implementation
SLF4J: See http://www.slf4j.org/codes.html#StaticLoggerBinder for further details.
]]></system-err>
  </testcase>
  <testcase name="testGetStudent" classname="com.api.tests.StudentTests" time="0.437">
    <system-out><![CDATA[Method started testGetStudent
HTTP/1.1 200 OK
X-Powered-By: Express
Vary: Origin, Accept-Encoding
Access-Control-Allow-Credentials: true
Cache-Control: no-cache
Pragma: no-cache
Expires: -1
X-Content-Type-Options: nosniff
Content-Type: application/json; charset=utf-8
Content-Length: 323
ETag: W/"143-vyFCc1Mfl03tah7wSIFVJeRxQoY"
Date: Wed, 24 May 2023 04:49:36 GMT
Connection: keep-alive
Keep-Alive: timeout=5

{
    "id": 1477637771,
    "name": "Mr. Adelaide Abshire",
    "email": "diane.vonrueden@gmail.com",
    "purpose": "Strategist",
    "programme": "Consulting Associate",
    "year": 1338332733,
    "language": "Janus (concurrent constraint programming language)",
    "comments": "com.github.javafaker.Code@71b6172c",
    "status": false
}
PASS - Actual Result ::200==Expected Result ::200
Method passed testGetStudent
]]></system-out>
  </testcase>
  <testcase name="testUpdateStudent" classname="com.api.tests.StudentTests" time="0.517">
    <system-out><![CDATA[Method started testUpdateStudent
HTTP/1.1 200 OK
X-Powered-By: Express
Vary: Origin, Accept-Encoding
Access-Control-Allow-Credentials: true
Cache-Control: no-cache
Pragma: no-cache
Expires: -1
X-Content-Type-Options: nosniff
Content-Type: application/json; charset=utf-8
Content-Length: 275
ETag: W/"113-yZHvQCWmZ9eLMvbcv8R1Fbam8yc"
Date: Wed, 24 May 2023 04:49:36 GMT
Connection: keep-alive
Keep-Alive: timeout=5

{
    "id": 1477637771,
    "name": "Ms. Zena Carter",
    "email": "quiana.koepp@gmail.com",
    "purpose": "Coordinator",
    "programme": "Healthcare Manager",
    "year": 1338332733,
    "language": "CoffeeScript",
    "comments": "com.github.javafaker.Code@71b6172c",
    "status": true
}
Method passed testUpdateStudent
]]></system-out>
  </testcase>
  <testcase name="testDeleteStudent" classname="com.api.tests.StudentTests" time="0.133">
    <system-out><![CDATA[Method started testDeleteStudent
HTTP/1.1 200 OK
X-Powered-By: Express
Vary: Origin, Accept-Encoding
Access-Control-Allow-Credentials: true
Cache-Control: no-cache
Pragma: no-cache
Expires: -1
X-Content-Type-Options: nosniff
Content-Type: application/json; charset=utf-8
Content-Length: 2
ETag: W/"2-vyGp6PvFo4RvsFtPoIWeCReyIC8"
Date: Wed, 24 May 2023 04:49:36 GMT
Connection: keep-alive
Keep-Alive: timeout=5

{
    
}
PASS - Actual Result ::200==Expected Result ::200
Method passed testDeleteStudent
]]></system-out>
  </testcase>
  <testcase name="testGetSpecificStudent" classname="com.api.tests.StudentTests" time="0.15">
    <system-out><![CDATA[Method started testGetSpecificStudent
[
    {
        "id": 4,
        "name": "prasanna",
        "email": "prasanna@mail.ee",
        "purpose": "thesis",
        "programme": "Software Engineering",
        "year": 2017,
        "language": "Tamil",
        "comments": "good",
        "status": "NOT RECEIVED"
    },
    {
        "id": 5,
        "name": "prasanna",
        "email": "prasanna@mail.ee",
        "purpose": "thesis",
        "programme": "Software Engineering",
        "year": 2017,
        "language": "Tamil",
        "comments": "In need of correcting a dangling participle.",
        "status": "RECEIVED"
    }
]
PASS - Actual Result ::prasanna==Expected Result ::prasanna
Method passed testGetSpecificStudent
]]></system-out>
  </testcase>
  <testcase name="testAuthentication" classname="com.api.tests.SecurityAPITests" time="2.216">
    <system-out><![CDATA[Method started testAuthentication
HTTP/1.1 200 OK
Date: Wed, 24 May 2023 04:49:38 GMT
Content-Type: application/json; charset=utf-8
Content-Length: 27
Connection: keep-alive
ETag: W/"1b-o64KRFi1Uw+73hnrS1UFKUVInOY"
set-cookie: sails.sid=s%3AF6OkAO-rf3UFXRf0AQl8PWQ3fNqDMrq8.MLdl%2BmS28t9FpzcGuqAgoLU82HhcklPXDVxgZFwmIBY; Path=/; HttpOnly

{
    "authenticated": true
}
PASS - Actual Result ::200==Expected Result ::200
PASS - Actual Result ::true==Expected Result ::true
Method passed testAuthentication
]]></system-out>
  </testcase>
  <testcase name="testDigestAuthentication" classname="com.api.tests.SecurityAPITests" time="1.611">
    <system-out><![CDATA[Method started testDigestAuthentication
HTTP/1.1 200 OK
Date: Wed, 24 May 2023 04:49:40 GMT
Content-Type: application/json; charset=utf-8
Content-Length: 27
Connection: keep-alive
ETag: W/"1b-o64KRFi1Uw+73hnrS1UFKUVInOY"
set-cookie: sails.sid=s%3Ao0e1YBl7kcMr2sKxlcKvaUPMf42NLRQL.iHqLia%2F8EShcZaozSJNHk88xmpQSj9iRHoYfgktmLlY; Path=/; HttpOnly

{
    "authenticated": true
}
PASS - Actual Result ::200==Expected Result ::200
Method passed testDigestAuthentication
]]></system-out>
  </testcase>
  <testcase name="testGetToken" classname="com.api.tests.SecurityAPITests" time="1.664">
    <system-out><![CDATA[Method started testGetToken
HTTP/1.1 200 OK
Server: Apache-Coyote/1.1
Content-Type: application/json
Content-Length: 97
Date: Wed, 24 May 2023 04:49:41 GMT

{
    "Authorization": "YW5OdGFYUm86WkdWdGJ6RXlNelE9Oj9LEz8/P1k=",
    "success": "jsmith is now logged in"
}
Method passed testGetToken
]]></system-out>
  </testcase>
  <testcase name="testBearerAuthorization" classname="com.api.tests.SecurityAPITests" time="1.522">
    <system-out><![CDATA[Method started testBearerAuthorization
HTTP/1.1 200 OK
Server: Apache-Coyote/1.1
Content-Type: application/json
Content-Length: 19
Date: Wed, 24 May 2023 04:49:43 GMT

{
    "loggedin": "true"
}
PASS - Actual Result ::200==Expected Result ::200
Method passed testBearerAuthorization
]]></system-out>
  </testcase>
  <testcase name="testOpenAuthorization" classname="com.api.tests.SecurityAPITests" time="1.39">
    <system-out><![CDATA[Method started testOpenAuthorization
HTTP/1.1 200 OK
Server: Apache-Coyote/1.1
Content-Type: application/json
Content-Length: 19
Date: Wed, 24 May 2023 04:49:45 GMT

{
    "loggedin": "true"
}
PASS - Actual Result ::200==Expected Result ::200
Method passed testOpenAuthorization
]]></system-out>
  </testcase>
</testsuite>